TCS v1.18
Tue Jun 27 14:56:35 BST 2006
Datafile = c:\Documents and Settings\sar03mp.RDG-HOME\My Documents\Work\Software\NCPA_auto\MardulynDataSet\ModGraph\WithUnsamp\StraightRun\MardulynGonioctena.nex
Current OS = null
Data in NEXUS format
Number of sequences: 242
Length of sequences: 363
_________________________________________________________


PARSIMONY PROBABILITY
For 1 step(s),	P(95%) = 0.9988633282291681
For 2 step(s),	P(95%) = 0.9960891398333128
For 3 step(s),	P(95%) = 0.9919765887144772
For 4 step(s),	P(95%) = 0.9865064038386021
For 5 step(s),	P(95%) = 0.9796936764279145
For 6 step(s),	P(95%) = 0.9715598602333487
For 7 step(s),	P(95%) = 0.9621317871166158
For 8 step(s),	P(95%) = 0.9514416397389851
For 9 step(s),	P(95%) = 0.9395267800430667


RUN SETTINGS
Calculated maximum connection steps at 95% = 8
Gaps treated as fifth state


HAPLOTYPES
Number of haplotypes = 61

Haplotype list:


 - orb1.1 :  orb1.1 orb1.1 orb1.1 odi1.2 odi1.2 gir1.3 gir1.3 gir1.3 gir1.3 gir1.3 gir1.3 gir1.3 arm1.4 arm1.4 cli1.5 cli1.5 cli1.5 cli1.5 cli1.5 kru1.6 kru1.6 kru1.6 kru1.6 kru1.6 kru1.6 kru1.6 kru1.6 bou1.7 bou1.7 bou1.7 how1.8 how1.8 how1.8 how1.8 how1.8 how1.8 lin1.9 lin1.9 lin1.9 lin1.9 lin1.9 lin1.9 lin1.9 lin1.9 lin1.9 mit1.10 mit1.10 mit1.10 mit1.10 mit1.10 mit1.10 mit1.10 son1.11 son1.11 son1.11 son1.11 val1.12 val1.12 val1.12 val1.12 val1.12 val1.12 val1.12 val1.12 wie1.14 wie1.14
 - orb20.1 : 
 - orb26.1 :  orb26.1 arm26.4 arm26.4 bou26.7 mit26.10 obe26.13 obe26.13 obe26.13 obe26.13 obe26.13 obe26.13 obe26.13 obe26.13 obe26.13 obe26.13 wie26.14 wie26.14 wie26.14 wie26.14
 - orb34.1 :  arm34.4 kru34.6 bou34.7 bou34.7 mit34.10 son34.11
 - orb37.1 :  gir37.3 arm37.4 arm37.4 arm37.4 kru37.6 mit37.10 mit37.10 son37.11
 - orb45.1 :  kru45.6 mit45.10
 - orb46.1 : 
 - orb50.1 :  orb50.1 orb50.1 orb50.1 orb50.1 orb50.1 gir50.3 arm50.4 arm50.4 arm50.4 cli50.5 cli50.5 cli50.5 cli50.5 kru50.6 bou50.7 bou50.7 how50.8 how50.8 lin50.9 mit50.10 val50.12 val50.12 wie50.14 wie50.14 wie50.14
 - odi6.2 :  odi6.2 cli6.5 son6.11 val6.12
 - odi19.2 :  odi19.2 odi19.2 odi19.2 odi19.2 odi19.2 odi20.2 odi20.2 cli19.5 cli20.5 cli20.5
 - odi29.2 :  odi29.2 odi29.2
 - gir7.3 : 
 - gir8.3 : 
 - gir18.3 :  how18.8 how18.8 how18.8 val18.12
 - gir24.3 :  bou24.7 val24.12
 - gir40.3 : 
 - gir42.3 :  gir42.3 bou42.7 bou42.7 bou42.7 bou42.7 lin42.9
 - gir55.3 : 
 - gir56.3 : 
 - arm3.4 :  kru3.6 kru3.6 bou3.7 bou3.7
 - arm32.4 : 
 - arm35.4 :  lin35.9 son35.11 val35.12 val35.12 val35.12
 - arm43.4 :  kru43.6
 - cli5.5 :  bou5.7 how5.8
 - cli25.5 : 
 - cli41.5 : 
 - cli44.5 : 
 - cli49.5 : 
 - kru9.6 :  kru9.6
 - kru39.6 : 
 - kru47.6 : 
 - bou4.7 :  lin4.9 lin4.9 lin4.9 lin4.9 obe4.13
 - bou14.7 :  obe14.13 wie14.14 wie14.14 wie14.14
 - bou54.7 : 
 - how33.8 : 
 - lin51.9 :  val51.12
 - mit10.10 : 
 - mit21.10 : 
 - mit36.10 : 
 - mit57.10 : 
 - mit58.10 : 
 - son2.11 :  son2.11
 - son38.11 : 
 - son52.11 : 
 - son59.11 :  son59.11 son59.11
 - son60.11 :  son60.11
 - val53.12 : 
 - obe11.13 : 
 - obe12.13 : 
 - obe16.13 : 
 - obe22.13 : 
 - obe28.13 : 
 - obe30.13 : 
 - obe31.13 : 
 - wie13.14 : 
 - wie15.14 : 
 - wie17.14 : 
 - wie23.14 : 
 - wie27.14 : 
 - wie48.14 : 
 - wie61.14 : 



CONNECTIONS
adding two min taxa 21[arm35.4] , 14[gir24.3]
In clusters 46 , 56 distance 2
adding two min taxa 3[orb34.1] , 0[orb1.1]
In clusters 46 , 56 distance 2
adding two min taxa 33[bou54.7] , 48[obe12.13]
In clusters 46 , 56 distance 2
adding two min taxa 60[wie61.14] , 11[gir7.3]
In clusters 46 , 56 distance 2
adding two min taxa 21[arm35.4] , 2[orb26.1]
In clusters 46 , 58 distance 3
adding two min taxa 39[mit57.10] , 10[odi29.2]
In clusters 46 , 58 distance 3
adding two min taxa 13[gir18.3] , 24[cli25.5]
In clusters 46 , 58 distance 3
adding two min taxa 14[gir24.3] , 2[orb26.1]
In clusters 46 , 58 distance 3
adding two min taxa 50[obe22.13] , 34[how33.8]
In clusters 46 , 58 distance 3


REAL DISTANCE MATRIX
pos:   			  1  2  3  4  5  6  7  8  9  10  11  12  13  14  15  16  17  18  19  20  21  22  23  24  25  26  27  28  29  30  31  32  33  34  35  36  37  38  39  40  41  42  43  44  45  46  47  48  49  50  51  52  53  54  55  56  57  58  59  60  61 
[orb1.1]1 	: --  3  4  2  5  5  5  3  1  3  4  1  1  2  1  4  4  4  3  1  5  3  5  1  5  5  5  4  1  4  4  1  2  3  5  4  2  2  4  3  3  2  6  4  3  3  6  2  1  5  2  6  4  4  1  3  4  2  7  4  3 
[orb20.1]2 	: 3  --  5  5  6  6  6  6  4  2  7  4  4  1  2  5  5  7  6  4  6  4  6  4  4  6  6  5  4  5  5  4  5  6  6  5  3  3  5  6  6  5  7  7  6  6  9  5  4  8  3  7  7  7  2  6  7  3  8  5  6 
[orb26.1]3 	: 4  5  --  4  5  5  5  5  5  5  2  5  5  4  3  4  4  6  5  5  1  3  5  5  1  5  5  4  5  4  6  5  6  5  1  6  6  4  4  5  5  6  6  6  5  5  8  6  5  9  4  2  2  2  5  7  8  4  3  4  5 
[orb34.1]4 	: 2  5  4  --  3  3  3  1  3  5  4  3  3  4  3  2  2  2  1  3  5  1  3  3  5  3  3  2  3  2  2  3  4  1  5  2  4  4  2  1  1  4  4  2  1  1  4  4  3  7  4  6  4  4  3  5  6  4  7  2  1 
[orb37.1]5 	: 5  6  5  3  --  4  4  4  6  6  7  6  6  5  4  3  3  3  4  6  6  2  4  6  6  4  3  3  6  3  5  6  5  2  6  5  7  5  1  4  4  7  1  5  4  4  7  7  4  8  5  7  7  7  6  6  7  5  6  3  4 
[orb45.1]6 	: 5  6  5  3  4  --  4  4  6  6  7  6  6  5  4  3  3  5  4  6  6  2  4  6  6  4  4  3  6  3  5  6  7  4  6  5  7  5  3  4  4  7  5  5  4  4  7  7  6  10  5  7  7  7  6  8  9  5  8  3  4 
[orb46.1]7 	: 5  6  5  3  4  4  --  4  6  6  7  6  6  5  4  3  3  5  4  6  6  2  4  6  6  4  4  3  6  3  5  6  7  4  6  5  7  5  3  4  4  7  5  5  4  4  7  7  6  10  5  7  7  7  6  8  9  5  8  3  4 
[orb50.1]8 	: 3  6  5  1  4  4  4  --  4  6  5  4  4  5  4  3  3  3  2  4  6  2  4  4  6  2  4  1  4  3  3  4  5  2  6  1  5  5  3  2  2  5  5  1  2  2  3  5  4  8  5  7  5  5  4  6  7  5  8  3  2 
[odi6.2]9 	: 1  4  5  3  6  6  6  4  --  4  5  2  2  3  2  5  5  5  4  2  6  4  6  2  6  6  6  5  2  5  5  2  3  4  4  5  3  3  5  4  4  3  5  5  4  4  7  3  2  6  1  7  5  5  2  4  3  3  8  5  4 
[odi19.2]10	: 3  2  5  5  6  6  6  6  4  --  7  4  4  1  2  5  5  7  6  4  6  4  6  4  4  6  6  5  4  5  7  4  5  6  6  5  5  3  5  6  6  5  7  7  6  6  9  5  4  8  3  7  7  7  2  6  7  3  8  5  6 
[odi29.2]11	: 4  7  2  4  7  7  7  5  5  7  --  5  5  6  5  6  6  6  5  5  3  5  7  5  3  7  7  6  5  6  6  5  6  5  3  6  6  6  6  3  5  6  8  6  5  5  8  6  5  9  6  4  2  2  5  7  8  6  5  6  5 
[gir7.3]12	: 1  4  5  3  6  6  6  4  2  4  5  --  2  3  2  5  5  5  4  2  6  4  6  2  6  6  6  5  2  5  5  2  3  4  6  5  1  1  5  4  4  3  7  5  4  4  7  1  2  6  3  7  5  5  2  4  5  3  8  5  2 
[gir8.3]13	: 1  4  5  3  6  6  6  4  2  4  5  2  --  3  2  5  5  5  4  2  6  4  6  2  6  6  6  5  2  5  5  2  3  4  6  5  3  3  5  4  4  3  7  5  4  4  7  3  2  6  3  7  5  5  2  4  5  3  8  5  4 
[gir18.3]14	: 2  1  4  4  5  5  5  5  3  1  6  3  3  --  1  4  4  6  5  3  5  3  5  3  3  5  5  4  3  4  6  3  4  5  5  4  4  2  4  5  5  4  6  6  5  5  8  4  3  7  2  6  6  6  1  5  6  2  7  4  5 
[gir24.3]15	: 1  2  3  3  4  4  4  4  2  2  5  2  2  1  --  3  3  5  4  2  4  2  4  2  4  4  4  3  2  3  5  2  3  4  4  5  3  1  3  4  4  3  5  5  4  4  7  3  2  6  1  5  5  5  2  4  5  1  6  3  4 
[gir40.3]16	: 4  5  4  2  3  3  3  3  5  5  6  5  5  4  3  --  2  4  3  5  5  1  3  3  5  1  3  2  5  2  4  5  6  3  5  4  6  4  2  3  3  6  4  4  3  3  6  6  5  9  4  6  6  6  5  7  8  4  5  2  3 
[gir42.3]17	: 4  5  4  2  3  3  3  3  5  5  6  5  5  4  3  2  --  4  3  5  5  1  3  5  5  3  3  2  5  2  4  5  6  3  5  4  6  4  2  3  3  6  4  4  3  3  6  6  5  9  4  6  6  6  5  7  8  4  7  2  3 
[gir55.3]18	: 4  7  6  2  3  5  5  3  5  7  6  5  5  6  5  4  4  --  3  5  7  3  5  5  7  5  5  4  5  4  4  5  4  1  7  4  6  6  4  3  3  6  4  4  3  3  6  6  3  7  6  8  6  6  5  5  6  6  7  4  3 
[gir56.3]19	: 3  6  5  1  4  4  4  2  4  6  5  4  4  5  4  3  3  3  --  4  6  2  4  4  6  4  4  3  4  3  3  4  5  2  6  3  5  5  3  2  2  5  5  3  2  2  5  5  4  8  5  7  5  5  4  6  7  5  8  3  2 
[arm3.4]20	: 1  4  5  3  6  6  6  4  2  4  5  2  2  3  2  5  5  5  4  --  6  4  6  2  6  6  6  5  2  5  5  2  3  4  6  5  3  3  5  4  4  3  7  5  4  4  7  3  2  6  3  7  5  5  2  4  3  3  8  5  4 
[arm32.4]21	: 5  6  1  5  6  6  6  6  6  6  3  6  6  5  4  5  5  7  6  6  --  4  6  6  2  6  6  5  6  5  7  6  7  6  2  7  7  5  5  6  6  7  7  7  6  6  9  7  6  10  5  3  3  3  6  8  9  5  4  5  6 
[arm35.4]22	: 3  4  3  1  2  2  2  2  4  4  5  4  4  3  2  1  1  3  2  4  4  --  2  4  4  2  2  1  4  1  3  4  5  2  4  3  5  3  1  2  2  5  3  3  2  2  5  5  4  8  3  5  5  5  4  6  7  3  6  1  2 
[arm43.4]23	: 5  6  5  3  4  4  4  4  6  6  7  6  6  5  4  3  3  5  4  6  6  2  --  6  6  4  4  3  6  3  5  6  7  4  6  5  7  5  3  4  2  5  5  5  4  4  7  7  6  10  5  7  7  7  6  8  9  5  8  3  4 
[cli5.5]24	: 1  4  5  3  6  6  6  4  2  4  5  2  2  3  2  3  5  5  4  2  6  4  6  --  6  4  6  5  2  5  5  2  3  4  6  5  3  3  5  4  4  3  7  5  4  4  7  3  2  6  3  7  5  5  2  4  5  3  6  5  4 
[cli25.5]25	: 5  4  1  5  6  6  6  6  6  4  3  6  6  3  4  5  5  7  6  6  2  4  6  6  --  6  6  5  6  5  7  6  7  6  2  5  7  5  5  6  6  7  7  7  6  6  9  7  6  10  5  3  3  3  4  8  9  5  4  5  6 
[cli41.5]26	: 5  6  5  3  4  4  4  2  6  6  7  6  6  5  4  1  3  5  4  6  6  2  4  4  6  --  4  1  6  3  5  6  7  4  6  3  7  5  3  4  4  7  5  3  4  4  5  7  6  10  5  7  7  7  6  8  9  5  6  3  4 
[cli44.5]27	: 5  6  5  3  3  4  4  4  6  6  7  6  6  5  4  3  3  5  4  6  6  2  4  6  6  4  --  3  6  3  5  6  7  4  6  5  7  5  2  4  4  7  4  5  4  4  7  7  6  10  5  7  7  7  6  8  9  5  8  3  4 
[cli49.5]28	: 4  5  4  2  3  3  3  1  5  5  6  5  5  4  3  2  2  4  3  5  5  1  3  5  5  1  3  --  5  2  4  5  6  3  5  2  6  4  2  3  3  6  4  2  3  3  4  6  5  9  4  6  6  6  5  7  8  4  7  2  3 
[kru9.6]29	: 1  4  5  3  6  6  6  4  2  4  5  2  2  3  2  5  5  5  4  2  6  4  6  2  6  6  6  5  --  5  5  2  3  4  6  5  3  3  5  4  4  3  7  5  4  4  7  3  2  6  3  7  5  5  2  4  5  3  8  5  4 
[kru39.6]30	: 4  5  4  2  3  3  3  3  5  5  6  5  5  4  3  2  2  4  3  5  5  1  3  5  5  3  3  2  5  --  4  5  6  3  5  4  6  4  2  3  3  6  4  4  1  3  6  6  5  9  4  6  6  6  5  7  8  4  7  2  3 
[kru47.6]31	: 4  5  6  2  5  5  5  3  5  7  6  5  5  6  5  4  4  4  3  5  7  3  5  5  7  5  5  4  5  4  --  5  6  3  7  4  4  6  4  3  3  6  6  4  3  3  6  6  5  7  6  8  6  6  5  7  8  6  9  4  3 
[bou4.7]32	: 1  4  5  3  6  6  6  4  2  4  5  2  2  3  2  5  5  5  4  2  6  4  6  2  6  6  6  5  2  5  5  --  3  4  6  5  3  3  5  4  4  3  7  5  4  4  7  3  2  6  3  7  5  5  2  4  5  3  8  5  4 
[bou14.7]33	: 2  5  6  4  5  7  7  5  3  5  6  3  3  4  3  6  6  4  5  3  7  5  7  3  7  7  7  6  3  6  6  3  --  3  7  6  4  4  6  5  5  4  6  6  5  5  8  4  1  3  4  8  6  6  3  1  2  2  7  6  5 
[bou54.7]34	: 3  6  5  1  2  4  4  2  4  6  5  4  4  5  4  3  3  1  2  4  6  2  4  4  6  4  4  3  4  3  3  4  3  --  6  3  5  5  3  2  2  5  3  3  2  2  5  5  2  6  5  7  5  5  4  4  5  5  6  3  2 
[how33.8]35	: 5  6  1  5  6  6  6  6  4  6  3  6  6  5  4  5  5  7  6  6  2  4  6  6  2  6  6  5  6  5  7  6  7  6  --  7  7  5  5  6  6  7  5  7  6  6  9  7  6  10  3  3  3  3  6  8  7  5  4  5  6 
[lin51.9]36	: 4  5  6  2  5  5  5  1  5  5  6  5  5  4  5  4  4  4  3  5  7  3  5  5  5  3  5  2  5  4  4  5  6  3  7  --  6  6  4  3  3  6  6  2  3  3  4  6  5  9  6  8  6  6  3  7  8  6  9  4  3 
[mit10.10]37	: 2  3  6  4  7  7  7  5  3  5  6  1  3  4  3  6  6  6  5  3  7  5  7  3  7  7  7  6  3  6  4  3  4  5  7  6  --  2  6  5  5  4  8  6  5  5  8  2  3  7  4  8  6  6  3  5  6  4  9  6  3 
[mit21.10]38	: 2  3  4  4  5  5  5  5  3  3  6  1  3  2  1  4  4  6  5  3  5  3  5  3  5  5  5  4  3  4  6  3  4  5  5  6  2  --  4  5  5  4  6  6  5  5  8  2  3  7  2  6  6  6  3  5  6  2  7  4  3 
[mit36.10]39	: 4  5  4  2  1  3  3  3  5  5  6  5  5  4  3  2  2  4  3  5  5  1  3  5  5  3  2  2  5  2  4  5  6  3  5  4  6  4  --  3  3  6  2  4  3  3  6  6  5  9  4  6  6  6  5  7  8  4  7  2  3 
[mit57.10]40	: 3  6  5  1  4  4  4  2  4  6  3  4  4  5  4  3  3  3  2  4  6  2  4  4  6  4  4  3  4  3  3  4  5  2  6  3  5  5  3  --  2  5  5  3  2  2  5  5  4  8  5  7  5  5  4  6  7  5  8  3  2 
[mit58.10]41	: 3  6  5  1  4  4  4  2  4  6  5  4  4  5  4  3  3  3  2  4  6  2  2  4  6  4  4  3  4  3  3  4  5  2  6  3  5  5  3  2  --  4  5  3  2  2  5  5  4  8  5  7  5  5  4  6  7  5  8  3  2 
[son2.11]42	: 2  5  6  4  7  7  7  5  3  5  6  3  3  4  3  6  6  6  5  3  7  5  5  3  7  7  7  6  3  6  6  3  4  5  7  6  4  4  6  5  4  --  8  6  5  5  8  4  3  7  4  8  6  6  3  5  6  4  9  6  5 
[son38.11]43	: 6  7  6  4  1  5  5  5  5  7  8  7  7  6  5  4  4  4  5  7  7  3  5  7  7  5  4  4  7  4  6  7  6  3  5  6  8  6  2  5  5  8  --  6  5  5  8  8  5  9  4  8  8  8  7  7  6  6  7  4  5 
[son52.11]44	: 4  7  6  2  5  5  5  1  5  7  6  5  5  6  5  4  4  4  3  5  7  3  5  5  7  3  5  2  5  4  4  5  6  3  7  2  6  6  4  3  3  6  6  --  3  3  3  6  5  9  6  8  6  6  5  7  8  6  9  4  3 
[son59.11]45	: 3  6  5  1  4  4  4  2  4  6  5  4  4  5  4  3  3  3  2  4  6  2  4  4  6  4  4  3  4  1  3  4  5  2  6  3  5  5  3  2  2  5  5  3  --  2  5  5  4  8  5  7  5  5  4  6  7  5  8  3  2 
[son60.11]46	: 3  6  5  1  4  4  4  2  4  6  5  4  4  5  4  3  3  3  2  4  6  2  4  4  6  4  4  3  4  3  3  4  5  2  6  3  5  5  3  2  2  5  5  3  2  --  5  5  4  8  5  7  5  5  4  6  7  5  8  3  2 
[val53.12]47	: 6  9  8  4  7  7  7  3  7  9  8  7  7  8  7  6  6  6  5  7  9  5  7  7  9  5  7  4  7  6  6  7  8  5  9  4  8  8  6  5  5  8  8  3  5  5  --  8  7  11  8  10  8  8  7  9  10  8  11  6  5 
[obe11.13]48	: 2  5  6  4  7  7  7  5  3  5  6  1  3  4  3  6  6  6  5  3  7  5  7  3  7  7  7  6  3  6  6  3  4  5  7  6  2  2  6  5  5  4  8  6  5  5  8  --  3  7  4  8  6  6  3  5  6  4  9  6  3 
[obe12.13]49	: 1  4  5  3  4  6  6  4  2  4  5  2  2  3  2  5  5  3  4  2  6  4  6  2  6  6  6  5  2  5  5  2  1  2  6  5  3  3  5  4  4  3  5  5  4  4  7  3  --  4  3  7  5  5  2  2  3  3  6  5  4 
[obe16.13]50	: 5  8  9  7  8  10  10  8  6  8  9  6  6  7  6  9  9  7  8  6  10  8  10  6  10  10  10  9  6  9  7  6  3  6  10  9  7  7  9  8  8  7  9  9  8  8  11  7  4  --  7  11  9  9  6  4  5  5  10  9  8 
[obe22.13]51	: 2  3  4  4  5  5  5  5  1  3  6  3  3  2  1  4  4  6  5  3  5  3  5  3  5  5  5  4  3  4  6  3  4  5  3  6  4  2  4  5  5  4  4  6  5  5  8  4  3  7  --  6  6  6  3  5  4  2  7  4  5 
[obe28.13]52	: 6  7  2  6  7  7  7  7  7  7  4  7  7  6  5  6  6  8  7  7  3  5  7  7  3  7  7  6  7  6  8  7  8  7  3  8  8  6  6  7  7  8  8  8  7  7  10  8  7  11  6  --  4  4  7  9  10  6  5  6  7 
[obe30.13]53	: 4  7  2  4  7  7  7  5  5  7  2  5  5  6  5  6  6  6  5  5  3  5  7  5  3  7  7  6  5  6  6  5  6  5  3  6  6  6  6  5  5  6  8  6  5  5  8  6  5  9  6  4  --  2  5  7  8  6  5  6  5 
[obe31.13]54	: 4  7  2  4  7  7  7  5  5  7  2  5  5  6  5  6  6  6  5  5  3  5  7  5  3  7  7  6  5  6  6  5  6  5  3  6  6  6  6  5  5  6  8  6  5  5  8  6  5  9  6  4  2  --  5  7  8  6  5  6  5 
[wie13.14]55	: 1  2  5  3  6  6  6  4  2  2  5  2  2  1  2  5  5  5  4  2  6  4  6  2  4  6  6  5  2  5  5  2  3  4  6  3  3  3  5  4  4  3  7  5  4  4  7  3  2  6  3  7  5  5  --  4  5  3  8  5  4 
[wie15.14]56	: 3  6  7  5  6  8  8  6  4  6  7  4  4  5  4  7  7  5  6  4  8  6  8  4  8  8  8  7  4  7  7  4  1  4  8  7  5  5  7  6  6  5  7  7  6  6  9  5  2  4  5  9  7  7  4  --  3  3  8  7  6 
[wie17.14]57	: 4  7  8  6  7  9  9  7  3  7  8  5  5  6  5  8  8  6  7  3  9  7  9  5  9  9  9  8  5  8  8  5  2  5  7  8  6  6  8  7  7  6  6  8  7  7  10  6  3  5  4  10  8  8  5  3  --  4  9  8  7 
[wie23.14]58	: 2  3  4  4  5  5  5  5  3  3  6  3  3  2  1  4  4  6  5  3  5  3  5  3  5  5  5  4  3  4  6  3  2  5  5  6  4  2  4  5  5  4  6  6  5  5  8  4  3  5  2  6  6  6  3  3  4  --  7  4  5 
[wie27.14]59	: 7  8  3  7  6  8  8  8  8  8  5  8  8  7  6  5  7  7  8  8  4  6  8  6  4  6  8  7  8  7  9  8  7  6  4  9  9  7  7  8  8  9  7  9  8  8  11  9  6  10  7  5  5  5  8  8  9  7  --  7  8 
[wie48.14]60	: 4  5  4  2  3  3  3  3  5  5  6  5  5  4  3  2  2  4  3  5  5  1  3  5  5  3  3  2  5  2  4  5  6  3  5  4  6  4  2  3  3  6  4  4  3  3  6  6  5  9  4  6  6  6  5  7  8  4  7  --  3 
[wie61.14]61	: 3  6  5  1  4  4  4  2  4  6  5  2  4  5  4  3  3  3  2  4  6  2  4  4  6  4  4  3  4  3  3  4  5  2  6  3  3  3  3  2  2  5  5  3  2  2  5  3  4  8  5  7  5  5  4  6  7  5  8  3  -- 



COMPUTED FROM THE NETWORK DISTANCE MATRIX
pos:   			  1  2  3  4  5  6  7  8  9  10  11  12  13  14  15  16  17  18  19  20  21  22  23  24  25  26  27  28  29  30  31  32  33  34  35  36  37  38  39  40  41  42  43  44  45  46  47  48  49  50  51  52  53  54  55  56  57  58  59  60  61 
[orb1.1]1 	: --  3  4  2  5  5  5  3  1  3  6  1  1  2  1  4  4  4  3  1  5  3  5  1  5  5  5  4  1  4  4  1  2  3  5  4  2  2  4  3  3  2  6  4  3  3  6  2  1  5  2  6  6  6  1  3  4  2  7  4  3 
[orb20.1]2 	: 3  --  5  5  6  6  6  6  4  2  7  4  4  1  2  5  5  7  6  4  6  4  6  4  4  6  6  5  4  5  7  4  5  6  6  7  5  3  5  6  6  5  7  7  6  6  9  5  4  8  3  7  7  7  2  6  7  3  8  5  6 
[orb26.1]3 	: 4  5  --  4  5  5  5  5  5  5  2  5  5  4  3  4  4  6  5  5  1  3  5  5  1  5  5  4  5  4  6  5  6  5  1  6  6  4  4  5  5  6  6  6  5  5  8  6  5  9  4  2  2  2  5  7  8  4  3  4  5 
[orb34.1]4 	: 2  5  4  --  3  3  3  1  3  5  4  3  3  4  3  2  2  2  1  3  5  1  3  3  5  3  3  2  3  2  2  3  4  1  5  2  4  4  2  1  1  4  4  2  1  1  4  4  3  7  4  6  6  6  3  5  6  4  7  2  1 
[orb37.1]5 	: 5  6  5  3  --  4  4  4  6  6  7  6  6  5  4  3  3  5  4  6  6  2  4  6  6  4  3  3  6  3  5  6  7  4  6  5  7  5  1  4  4  7  1  5  4  4  7  7  6  10  5  7  7  7  6  8  9  5  8  3  4 
[orb45.1]6 	: 5  6  5  3  4  --  4  4  6  6  7  6  6  5  4  3  3  5  4  6  6  2  4  6  6  4  4  3  6  3  5  6  7  4  6  5  7  5  3  4  4  7  5  5  4  4  7  7  6  10  5  7  7  7  6  8  9  5  8  3  4 
[orb46.1]7 	: 5  6  5  3  4  4  --  4  6  6  7  6  6  5  4  3  3  5  4  6  6  2  4  6  6  4  4  3  6  3  5  6  7  4  6  5  7  5  3  4  4  7  5  5  4  4  7  7  6  10  5  7  7  7  6  8  9  5  8  3  4 
[orb50.1]8 	: 3  6  5  1  4  4  4  --  4  6  5  4  4  5  4  3  3  3  2  4  6  2  4  4  6  2  4  1  4  3  3  4  5  2  6  1  5  5  3  2  2  5  5  1  2  2  3  5  4  8  5  7  7  7  4  6  7  5  8  3  2 
[odi6.2]9 	: 1  4  5  3  6  6  6  4  --  4  7  2  2  3  2  5  5  5  4  2  6  4  6  2  6  6  6  5  2  5  5  2  3  4  4  5  3  3  5  4  4  3  7  5  4  4  7  3  2  6  1  7  7  7  2  4  5  3  8  5  4 
[odi19.2]10	: 3  2  5  5  6  6  6  6  4  --  7  4  4  1  2  5  5  7  6  4  6  4  6  4  4  6  6  5  4  5  7  4  5  6  6  7  5  3  5  6  6  5  7  7  6  6  9  5  4  8  3  7  7  7  2  6  7  3  8  5  6 
[odi29.2]11	: 6  7  2  4  7  7  7  5  7  7  --  7  7  6  5  6  6  6  5  7  3  5  7  7  3  7  7  6  7  6  6  7  8  5  3  6  8  6  6  3  5  8  8  6  5  5  8  8  7  11  6  4  2  2  7  9  10  6  5  6  5 
[gir7.3]12	: 1  4  5  3  6  6  6  4  2  4  7  --  2  3  2  5  5  5  4  2  6  4  6  2  6  6  6  5  2  5  5  2  3  4  6  5  1  1  5  4  4  3  7  5  4  4  7  1  2  6  3  7  7  7  2  4  5  3  8  5  2 
[gir8.3]13	: 1  4  5  3  6  6  6  4  2  4  7  2  --  3  2  5  5  5  4  2  6  4  6  2  6  6  6  5  2  5  5  2  3  4  6  5  3  3  5  4  4  3  7  5  4  4  7  3  2  6  3  7  7  7  2  4  5  3  8  5  4 
[gir18.3]14	: 2  1  4  4  5  5  5  5  3  1  6  3  3  --  1  4  4  6  5  3  5  3  5  3  3  5  5  4  3  4  6  3  4  5  5  6  4  2  4  5  5  4  6  6  5  5  8  4  3  7  2  6  6  6  1  5  6  2  7  4  5 
[gir24.3]15	: 1  2  3  3  4  4  4  4  2  2  5  2  2  1  --  3  3  5  4  2  4  2  4  2  4  4  4  3  2  3  5  2  3  4  4  5  3  1  3  4  4  3  5  5  4  4  7  3  2  6  1  5  5  5  2  4  5  1  6  3  4 
[gir40.3]16	: 4  5  4  2  3  3  3  3  5  5  6  5  5  4  3  --  2  4  3  5  5  1  3  5  5  1  3  2  5  2  4  5  6  3  5  4  6  4  2  3  3  6  4  4  3  3  6  6  5  9  4  6  6  6  5  7  8  4  7  2  3 
[gir42.3]17	: 4  5  4  2  3  3  3  3  5  5  6  5  5  4  3  2  --  4  3  5  5  1  3  5  5  3  3  2  5  2  4  5  6  3  5  4  6  4  2  3  3  6  4  4  3  3  6  6  5  9  4  6  6  6  5  7  8  4  7  2  3 
[gir55.3]18	: 4  7  6  2  5  5  5  3  5  7  6  5  5  6  5  4  4  --  3  5  7  3  5  5  7  5  5  4  5  4  4  5  4  1  7  4  6  6  4  3  3  6  6  4  3  3  6  6  3  7  6  8  8  8  5  5  6  6  9  4  3 
[gir56.3]19	: 3  6  5  1  4  4  4  2  4  6  5  4  4  5  4  3  3  3  --  4  6  2  4  4  6  4  4  3  4  3  3  4  5  2  6  3  5  5  3  2  2  5  5  3  2  2  5  5  4  8  5  7  7  7  4  6  7  5  8  3  2 
[arm3.4]20	: 1  4  5  3  6  6  6  4  2  4  7  2  2  3  2  5  5  5  4  --  6  4  6  2  6  6  6  5  2  5  5  2  3  4  6  5  3  3  5  4  4  3  7  5  4  4  7  3  2  6  3  7  7  7  2  4  5  3  8  5  4 
[arm32.4]21	: 5  6  1  5  6  6  6  6  6  6  3  6  6  5  4  5  5  7  6  6  --  4  6  6  2  6  6  5  6  5  7  6  7  6  2  7  7  5  5  6  6  7  7  7  6  6  9  7  6  10  5  3  3  3  6  8  9  5  4  5  6 
[arm35.4]22	: 3  4  3  1  2  2  2  2  4  4  5  4  4  3  2  1  1  3  2  4  4  --  2  4  4  2  2  1  4  1  3  4  5  2  4  3  5  3  1  2  2  5  3  3  2  2  5  5  4  8  3  5  5  5  4  6  7  3  6  1  2 
[arm43.4]23	: 5  6  5  3  4  4  4  4  6  6  7  6  6  5  4  3  3  5  4  6  6  2  --  6  6  4  4  3  6  3  5  6  7  4  6  5  7  5  3  4  2  7  5  5  4  4  7  7  6  10  5  7  7  7  6  8  9  5  8  3  4 
[cli5.5]24	: 1  4  5  3  6  6  6  4  2  4  7  2  2  3  2  5  5  5  4  2  6  4  6  --  6  6  6  5  2  5  5  2  3  4  6  5  3  3  5  4  4  3  7  5  4  4  7  3  2  6  3  7  7  7  2  4  5  3  8  5  4 
[cli25.5]25	: 5  4  1  5  6  6  6  6  6  4  3  6  6  3  4  5  5  7  6  6  2  4  6  6  --  6  6  5  6  5  7  6  7  6  2  7  7  5  5  6  6  7  7  7  6  6  9  7  6  10  5  3  3  3  4  8  9  5  4  5  6 
[cli41.5]26	: 5  6  5  3  4  4  4  2  6  6  7  6  6  5  4  1  3  5  4  6  6  2  4  6  6  --  4  1  6  3  5  6  7  4  6  3  7  5  3  4  4  7  5  3  4  4  5  7  6  10  5  7  7  7  6  8  9  5  8  3  4 
[cli44.5]27	: 5  6  5  3  3  4  4  4  6  6  7  6  6  5  4  3  3  5  4  6  6  2  4  6  6  4  --  3  6  3  5  6  7  4  6  5  7  5  2  4  4  7  4  5  4  4  7  7  6  10  5  7  7  7  6  8  9  5  8  3  4 
[cli49.5]28	: 4  5  4  2  3  3  3  1  5  5  6  5  5  4  3  2  2  4  3  5  5  1  3  5  5  1  3  --  5  2  4  5  6  3  5  2  6  4  2  3  3  6  4  2  3  3  4  6  5  9  4  6  6  6  5  7  8  4  7  2  3 
[kru9.6]29	: 1  4  5  3  6  6  6  4  2  4  7  2  2  3  2  5  5  5  4  2  6  4  6  2  6  6  6  5  --  5  5  2  3  4  6  5  3  3  5  4  4  3  7  5  4  4  7  3  2  6  3  7  7  7  2  4  5  3  8  5  4 
[kru39.6]30	: 4  5  4  2  3  3  3  3  5  5  6  5  5  4  3  2  2  4  3  5  5  1  3  5  5  3  3  2  5  --  4  5  6  3  5  4  6  4  2  3  3  6  4  4  1  3  6  6  5  9  4  6  6  6  5  7  8  4  7  2  3 
[kru47.6]31	: 4  7  6  2  5  5  5  3  5  7  6  5  5  6  5  4  4  4  3  5  7  3  5  5  7  5  5  4  5  4  --  5  6  3  7  4  6  6  4  3  3  6  6  4  3  3  6  6  5  9  6  8  8  8  5  7  8  6  9  4  3 
[bou4.7]32	: 1  4  5  3  6  6  6  4  2  4  7  2  2  3  2  5  5  5  4  2  6  4  6  2  6  6  6  5  2  5  5  --  3  4  6  5  3  3  5  4  4  3  7  5  4  4  7  3  2  6  3  7  7  7  2  4  5  3  8  5  4 
[bou14.7]33	: 2  5  6  4  7  7  7  5  3  5  8  3  3  4  3  6  6  4  5  3  7  5  7  3  7  7  7  6  3  6  6  3  --  3  7  6  4  4  6  5  5  4  8  6  5  5  8  4  1  3  4  8  8  8  3  1  2  4  9  6  5 
[bou54.7]34	: 3  6  5  1  4  4  4  2  4  6  5  4  4  5  4  3  3  1  2  4  6  2  4  4  6  4  4  3  4  3  3  4  3  --  6  3  5  5  3  2  2  5  5  3  2  2  5  5  2  6  5  7  7  7  4  4  5  5  8  3  2 
[how33.8]35	: 5  6  1  5  6  6  6  6  4  6  3  6  6  5  4  5  5  7  6  6  2  4  6  6  2  6  6  5  6  5  7  6  7  6  --  7  7  5  5  6  6  7  7  7  6  6  9  7  6  10  3  3  3  3  6  8  9  5  4  5  6 
[lin51.9]36	: 4  7  6  2  5  5  5  1  5  7  6  5  5  6  5  4  4  4  3  5  7  3  5  5  7  3  5  2  5  4  4  5  6  3  7  --  6  6  4  3  3  6  6  2  3  3  4  6  5  9  6  8  8  8  5  7  8  6  9  4  3 
[mit10.10]37	: 2  5  6  4  7  7  7  5  3  5  8  1  3  4  3  6  6  6  5  3  7  5  7  3  7  7  7  6  3  6  6  3  4  5  7  6  --  2  6  5  5  4  8  6  5  5  8  2  3  7  4  8  8  8  3  5  6  4  9  6  3 
[mit21.10]38	: 2  3  4  4  5  5  5  5  3  3  6  1  3  2  1  4  4  6  5  3  5  3  5  3  5  5  5  4  3  4  6  3  4  5  5  6  2  --  4  5  5  4  6  6  5  5  8  2  3  7  2  6  6  6  3  5  6  2  7  4  3 
[mit36.10]39	: 4  5  4  2  1  3  3  3  5  5  6  5  5  4  3  2  2  4  3  5  5  1  3  5  5  3  2  2  5  2  4  5  6  3  5  4  6  4  --  3  3  6  2  4  3  3  6  6  5  9  4  6  6  6  5  7  8  4  7  2  3 
[mit57.10]40	: 3  6  5  1  4  4  4  2  4  6  3  4  4  5  4  3  3  3  2  4  6  2  4  4  6  4  4  3  4  3  3  4  5  2  6  3  5  5  3  --  2  5  5  3  2  2  5  5  4  8  5  7  5  5  4  6  7  5  8  3  2 
[mit58.10]41	: 3  6  5  1  4  4  4  2  4  6  5  4  4  5  4  3  3  3  2  4  6  2  2  4  6  4  4  3  4  3  3  4  5  2  6  3  5  5  3  2  --  5  5  3  2  2  5  5  4  8  5  7  7  7  4  6  7  5  8  3  2 
[son2.11]42	: 2  5  6  4  7  7  7  5  3  5  8  3  3  4  3  6  6  6  5  3  7  5  7  3  7  7  7  6  3  6  6  3  4  5  7  6  4  4  6  5  5  --  8  6  5  5  8  4  3  7  4  8  8  8  3  5  6  4  9  6  5 
[son38.11]43	: 6  7  6  4  1  5  5  5  7  7  8  7  7  6  5  4  4  6  5  7  7  3  5  7  7  5  4  4  7  4  6  7  8  5  7  6  8  6  2  5  5  8  --  6  5  5  8  8  7  11  6  8  8  8  7  9  10  6  9  4  5 
[son52.11]44	: 4  7  6  2  5  5  5  1  5  7  6  5  5  6  5  4  4  4  3  5  7  3  5  5  7  3  5  2  5  4  4  5  6  3  7  2  6  6  4  3  3  6  6  --  3  3  3  6  5  9  6  8  8  8  5  7  8  6  9  4  3 
[son59.11]45	: 3  6  5  1  4  4  4  2  4  6  5  4  4  5  4  3  3  3  2  4  6  2  4  4  6  4  4  3  4  1  3  4  5  2  6  3  5  5  3  2  2  5  5  3  --  2  5  5  4  8  5  7  7  7  4  6  7  5  8  3  2 
[son60.11]46	: 3  6  5  1  4  4  4  2  4  6  5  4  4  5  4  3  3  3  2  4  6  2  4  4  6  4  4  3  4  3  3  4  5  2  6  3  5  5  3  2  2  5  5  3  2  --  5  5  4  8  5  7  7  7  4  6  7  5  8  3  2 
[val53.12]47	: 6  9  8  4  7  7  7  3  7  9  8  7  7  8  7  6  6  6  5  7  9  5  7  7  9  5  7  4  7  6  6  7  8  5  9  4  8  8  6  5  5  8  8  3  5  5  --  8  7  11  8  10  10  10  7  9  10  8  11  6  5 
[obe11.13]48	: 2  5  6  4  7  7  7  5  3  5  8  1  3  4  3  6  6  6  5  3  7  5  7  3  7  7  7  6  3  6  6  3  4  5  7  6  2  2  6  5  5  4  8  6  5  5  8  --  3  7  4  8  8  8  3  5  6  4  9  6  3 
[obe12.13]49	: 1  4  5  3  6  6  6  4  2  4  7  2  2  3  2  5  5  3  4  2  6  4  6  2  6  6  6  5  2  5  5  2  1  2  6  5  3  3  5  4  4  3  7  5  4  4  7  3  --  4  3  7  7  7  2  2  3  3  8  5  4 
[obe16.13]50	: 5  8  9  7  10  10  10  8  6  8  11  6  6  7  6  9  9  7  8  6  10  8  10  6  10  10  10  9  6  9  9  6  3  6  10  9  7  7  9  8  8  7  11  9  8  8  11  7  4  --  7  11  11  11  6  4  5  7  12  9  8 
[obe22.13]51	: 2  3  4  4  5  5  5  5  1  3  6  3  3  2  1  4  4  6  5  3  5  3  5  3  5  5  5  4  3  4  6  3  4  5  3  6  4  2  4  5  5  4  6  6  5  5  8  4  3  7  --  6  6  6  3  5  6  2  7  4  5 
[obe28.13]52	: 6  7  2  6  7  7  7  7  7  7  4  7  7  6  5  6  6  8  7  7  3  5  7  7  3  7  7  6  7  6  8  7  8  7  3  8  8  6  6  7  7  8  8  8  7  7  10  8  7  11  6  --  4  4  7  9  10  6  5  6  7 
[obe30.13]53	: 6  7  2  6  7  7  7  7  7  7  2  7  7  6  5  6  6  8  7  7  3  5  7  7  3  7  7  6  7  6  8  7  8  7  3  8  8  6  6  5  7  8  8  8  7  7  10  8  7  11  6  4  --  2  7  9  10  6  5  6  7 
[obe31.13]54	: 6  7  2  6  7  7  7  7  7  7  2  7  7  6  5  6  6  8  7  7  3  5  7  7  3  7  7  6  7  6  8  7  8  7  3  8  8  6  6  5  7  8  8  8  7  7  10  8  7  11  6  4  2  --  7  9  10  6  5  6  7 
[wie13.14]55	: 1  2  5  3  6  6  6  4  2  2  7  2  2  1  2  5  5  5  4  2  6  4  6  2  4  6  6  5  2  5  5  2  3  4  6  5  3  3  5  4  4  3  7  5  4  4  7  3  2  6  3  7  7  7  --  4  5  3  8  5  4 
[wie15.14]56	: 3  6  7  5  8  8  8  6  4  6  9  4  4  5  4  7  7  5  6  4  8  6  8  4  8  8  8  7  4  7  7  4  1  4  8  7  5  5  7  6  6  5  9  7  6  6  9  5  2  4  5  9  9  9  4  --  3  5  10  7  6 
[wie17.14]57	: 4  7  8  6  9  9  9  7  5  7  10  5  5  6  5  8  8  6  7  5  9  7  9  5  9  9  9  8  5  8  8  5  2  5  9  8  6  6  8  7  7  6  10  8  7  7  10  6  3  5  6  10  10  10  5  3  --  6  11  8  7 
[wie23.14]58	: 2  3  4  4  5  5  5  5  3  3  6  3  3  2  1  4  4  6  5  3  5  3  5  3  5  5  5  4  3  4  6  3  4  5  5  6  4  2  4  5  5  4  6  6  5  5  8  4  3  7  2  6  6  6  3  5  6  --  7  4  5 
[wie27.14]59	: 7  8  3  7  8  8  8  8  8  8  5  8  8  7  6  7  7  9  8  8  4  6  8  8  4  8  8  7  8  7  9  8  9  8  4  9  9  7  7  8  8  9  9  9  8  8  11  9  8  12  7  5  5  5  8  10  11  7  --  7  8 
[wie48.14]60	: 4  5  4  2  3  3  3  3  5  5  6  5  5  4  3  2  2  4  3  5  5  1  3  5  5  3  3  2  5  2  4  5  6  3  5  4  6  4  2  3  3  6  4  4  3  3  6  6  5  9  4  6  6  6  5  7  8  4  7  --  3 
[wie61.14]61	: 3  6  5  1  4  4  4  2  4  6  5  2  4  5  4  3  3  3  2  4  6  2  4  4  6  4  4  3  4  3  3  4  5  2  6  3  3  3  3  2  2  5  5  3  2  2  5  3  4  8  5  7  7  7  4  6  7  5  8  3  -- 



DIFFERENCE MATRIX 
pos:   			  1  2  3  4  5  6  7  8  9  10  11  12  13  14  15  16  17  18  19  20  21  22  23  24  25  26  27  28  29  30  31  32  33  34  35  36  37  38  39  40  41  42  43  44  45  46  47  48  49  50  51  52  53  54  55  56  57  58  59  60  61 
[orb1.1]1 	: --  0  0  0  0  0  0  0  0  0  2  0  0  0  0  0  0  0  0  0  0  0  0  0  0  0  0  0  0  0  0  0  0  0  0  0  0  0  0  0  0  0  0  0  0  0  0  0  0  0  0  0  2  2  0  0  0  0  0  0  0 
[orb20.1]2 	: 0  --  0  0  0  0  0  0  0  0  0  0  0  0  0  0  0  0  0  0  0  0  0  0  0  0  0  0  0  0  2  0  0  0  0  2  2  0  0  0  0  0  0  0  0  0  0  0  0  0  0  0  0  0  0  0  0  0  0  0  0 
[orb26.1]3 	: 0  0  --  0  0  0  0  0  0  0  0  0  0  0  0  0  0  0  0  0  0  0  0  0  0  0  0  0  0  0  0  0  0  0  0  0  0  0  0  0  0  0  0  0  0  0  0  0  0  0  0  0  0  0  0  0  0  0  0  0  0 
[orb34.1]4 	: 0  0  0  --  0  0  0  0  0  0  0  0  0  0  0  0  0  0  0  0  0  0  0  0  0  0  0  0  0  0  0  0  0  0  0  0  0  0  0  0  0  0  0  0  0  0  0  0  0  0  0  0  2  2  0  0  0  0  0  0  0 
[orb37.1]5 	: 0  0  0  0  --  0  0  0  0  0  0  0  0  0  0  0  0  2  0  0  0  0  0  0  0  0  0  0  0  0  0  0  2  2  0  0  0  0  0  0  0  0  0  0  0  0  0  0  2  2  0  0  0  0  0  2  2  0  2  0  0 
[orb45.1]6 	: 0  0  0  0  0  --  0  0  0  0  0  0  0  0  0  0  0  0  0  0  0  0  0  0  0  0  0  0  0  0  0  0  0  0  0  0  0  0  0  0  0  0  0  0  0  0  0  0  0  0  0  0  0  0  0  0  0  0  0  0  0 
[orb46.1]7 	: 0  0  0  0  0  0  --  0  0  0  0  0  0  0  0  0  0  0  0  0  0  0  0  0  0  0  0  0  0  0  0  0  0  0  0  0  0  0  0  0  0  0  0  0  0  0  0  0  0  0  0  0  0  0  0  0  0  0  0  0  0 
[orb50.1]8 	: 0  0  0  0  0  0  0  --  0  0  0  0  0  0  0  0  0  0  0  0  0  0  0  0  0  0  0  0  0  0  0  0  0  0  0  0  0  0  0  0  0  0  0  0  0  0  0  0  0  0  0  0  2  2  0  0  0  0  0  0  0 
[odi6.2]9 	: 0  0  0  0  0  0  0  0  --  0  2  0  0  0  0  0  0  0  0  0  0  0  0  0  0  0  0  0  0  0  0  0  0  0  0  0  0  0  0  0  0  0  2  0  0  0  0  0  0  0  0  0  2  2  0  0  2  0  0  0  0 
[odi19.2]10	: 0  0  0  0  0  0  0  0  0  --  0  0  0  0  0  0  0  0  0  0  0  0  0  0  0  0  0  0  0  0  0  0  0  0  0  2  0  0  0  0  0  0  0  0  0  0  0  0  0  0  0  0  0  0  0  0  0  0  0  0  0 
[odi29.2]11	: 2  0  0  0  0  0  0  0  2  0  --  2  2  0  0  0  0  0  0  2  0  0  0  2  0  0  0  0  2  0  0  2  2  0  0  0  2  0  0  0  0  2  0  0  0  0  0  2  2  2  0  0  0  0  2  2  2  0  0  0  0 
[gir7.3]12	: 0  0  0  0  0  0  0  0  0  0  2  --  0  0  0  0  0  0  0  0  0  0  0  0  0  0  0  0  0  0  0  0  0  0  0  0  0  0  0  0  0  0  0  0  0  0  0  0  0  0  0  0  2  2  0  0  0  0  0  0  0 
[gir8.3]13	: 0  0  0  0  0  0  0  0  0  0  2  0  --  0  0  0  0  0  0  0  0  0  0  0  0  0  0  0  0  0  0  0  0  0  0  0  0  0  0  0  0  0  0  0  0  0  0  0  0  0  0  0  2  2  0  0  0  0  0  0  0 
[gir18.3]14	: 0  0  0  0  0  0  0  0  0  0  0  0  0  --  0  0  0  0  0  0  0  0  0  0  0  0  0  0  0  0  0  0  0  0  0  2  0  0  0  0  0  0  0  0  0  0  0  0  0  0  0  0  0  0  0  0  0  0  0  0  0 
[gir24.3]15	: 0  0  0  0  0  0  0  0  0  0  0  0  0  0  --  0  0  0  0  0  0  0  0  0  0  0  0  0  0  0  0  0  0  0  0  0  0  0  0  0  0  0  0  0  0  0  0  0  0  0  0  0  0  0  0  0  0  0  0  0  0 
[gir40.3]16	: 0  0  0  0  0  0  0  0  0  0  0  0  0  0  0  --  0  0  0  0  0  0  0  2  0  0  0  0  0  0  0  0  0  0  0  0  0  0  0  0  0  0  0  0  0  0  0  0  0  0  0  0  0  0  0  0  0  0  2  0  0 
[gir42.3]17	: 0  0  0  0  0  0  0  0  0  0  0  0  0  0  0  0  --  0  0  0  0  0  0  0  0  0  0  0  0  0  0  0  0  0  0  0  0  0  0  0  0  0  0  0  0  0  0  0  0  0  0  0  0  0  0  0  0  0  0  0  0 
[gir55.3]18	: 0  0  0  0  2  0  0  0  0  0  0  0  0  0  0  0  0  --  0  0  0  0  0  0  0  0  0  0  0  0  0  0  0  0  0  0  0  0  0  0  0  0  2  0  0  0  0  0  0  0  0  0  2  2  0  0  0  0  2  0  0 
[gir56.3]19	: 0  0  0  0  0  0  0  0  0  0  0  0  0  0  0  0  0  0  --  0  0  0  0  0  0  0  0  0  0  0  0  0  0  0  0  0  0  0  0  0  0  0  0  0  0  0  0  0  0  0  0  0  2  2  0  0  0  0  0  0  0 
[arm3.4]20	: 0  0  0  0  0  0  0  0  0  0  2  0  0  0  0  0  0  0  0  --  0  0  0  0  0  0  0  0  0  0  0  0  0  0  0  0  0  0  0  0  0  0  0  0  0  0  0  0  0  0  0  0  2  2  0  0  2  0  0  0  0 
[arm32.4]21	: 0  0  0  0  0  0  0  0  0  0  0  0  0  0  0  0  0  0  0  0  --  0  0  0  0  0  0  0  0  0  0  0  0  0  0  0  0  0  0  0  0  0  0  0  0  0  0  0  0  0  0  0  0  0  0  0  0  0  0  0  0 
[arm35.4]22	: 0  0  0  0  0  0  0  0  0  0  0  0  0  0  0  0  0  0  0  0  0  --  0  0  0  0  0  0  0  0  0  0  0  0  0  0  0  0  0  0  0  0  0  0  0  0  0  0  0  0  0  0  0  0  0  0  0  0  0  0  0 
[arm43.4]23	: 0  0  0  0  0  0  0  0  0  0  0  0  0  0  0  0  0  0  0  0  0  0  --  0  0  0  0  0  0  0  0  0  0  0  0  0  0  0  0  0  0  2  0  0  0  0  0  0  0  0  0  0  0  0  0  0  0  0  0  0  0 
[cli5.5]24	: 0  0  0  0  0  0  0  0  0  0  2  0  0  0  0  2  0  0  0  0  0  0  0  --  0  2  0  0  0  0  0  0  0  0  0  0  0  0  0  0  0  0  0  0  0  0  0  0  0  0  0  0  2  2  0  0  0  0  2  0  0 
[cli25.5]25	: 0  0  0  0  0  0  0  0  0  0  0  0  0  0  0  0  0  0  0  0  0  0  0  0  --  0  0  0  0  0  0  0  0  0  0  2  0  0  0  0  0  0  0  0  0  0  0  0  0  0  0  0  0  0  0  0  0  0  0  0  0 
[cli41.5]26	: 0  0  0  0  0  0  0  0  0  0  0  0  0  0  0  0  0  0  0  0  0  0  0  2  0  --  0  0  0  0  0  0  0  0  0  0  0  0  0  0  0  0  0  0  0  0  0  0  0  0  0  0  0  0  0  0  0  0  2  0  0 
[cli44.5]27	: 0  0  0  0  0  0  0  0  0  0  0  0  0  0  0  0  0  0  0  0  0  0  0  0  0  0  --  0  0  0  0  0  0  0  0  0  0  0  0  0  0  0  0  0  0  0  0  0  0  0  0  0  0  0  0  0  0  0  0  0  0 
[cli49.5]28	: 0  0  0  0  0  0  0  0  0  0  0  0  0  0  0  0  0  0  0  0  0  0  0  0  0  0  0  --  0  0  0  0  0  0  0  0  0  0  0  0  0  0  0  0  0  0  0  0  0  0  0  0  0  0  0  0  0  0  0  0  0 
[kru9.6]29	: 0  0  0  0  0  0  0  0  0  0  2  0  0  0  0  0  0  0  0  0  0  0  0  0  0  0  0  0  --  0  0  0  0  0  0  0  0  0  0  0  0  0  0  0  0  0  0  0  0  0  0  0  2  2  0  0  0  0  0  0  0 
[kru39.6]30	: 0  0  0  0  0  0  0  0  0  0  0  0  0  0  0  0  0  0  0  0  0  0  0  0  0  0  0  0  0  --  0  0  0  0  0  0  0  0  0  0  0  0  0  0  0  0  0  0  0  0  0  0  0  0  0  0  0  0  0  0  0 
[kru47.6]31	: 0  2  0  0  0  0  0  0  0  0  0  0  0  0  0  0  0  0  0  0  0  0  0  0  0  0  0  0  0  0  --  0  0  0  0  0  2  0  0  0  0  0  0  0  0  0  0  0  0  2  0  0  2  2  0  0  0  0  0  0  0 
[bou4.7]32	: 0  0  0  0  0  0  0  0  0  0  2  0  0  0  0  0  0  0  0  0  0  0  0  0  0  0  0  0  0  0  0  --  0  0  0  0  0  0  0  0  0  0  0  0  0  0  0  0  0  0  0  0  2  2  0  0  0  0  0  0  0 
[bou14.7]33	: 0  0  0  0  2  0  0  0  0  0  2  0  0  0  0  0  0  0  0  0  0  0  0  0  0  0  0  0  0  0  0  0  --  0  0  0  0  0  0  0  0  0  2  0  0  0  0  0  0  0  0  0  2  2  0  0  0  2  2  0  0 
[bou54.7]34	: 0  0  0  0  2  0  0  0  0  0  0  0  0  0  0  0  0  0  0  0  0  0  0  0  0  0  0  0  0  0  0  0  0  --  0  0  0  0  0  0  0  0  2  0  0  0  0  0  0  0  0  0  2  2  0  0  0  0  2  0  0 
[how33.8]35	: 0  0  0  0  0  0  0  0  0  0  0  0  0  0  0  0  0  0  0  0  0  0  0  0  0  0  0  0  0  0  0  0  0  0  --  0  0  0  0  0  0  0  2  0  0  0  0  0  0  0  0  0  0  0  0  0  2  0  0  0  0 
[lin51.9]36	: 0  2  0  0  0  0  0  0  0  2  0  0  0  2  0  0  0  0  0  0  0  0  0  0  2  0  0  0  0  0  0  0  0  0  0  --  0  0  0  0  0  0  0  0  0  0  0  0  0  0  0  0  2  2  2  0  0  0  0  0  0 
[mit10.10]37	: 0  2  0  0  0  0  0  0  0  0  2  0  0  0  0  0  0  0  0  0  0  0  0  0  0  0  0  0  0  0  2  0  0  0  0  0  --  0  0  0  0  0  0  0  0  0  0  0  0  0  0  0  2  2  0  0  0  0  0  0  0 
[mit21.10]38	: 0  0  0  0  0  0  0  0  0  0  0  0  0  0  0  0  0  0  0  0  0  0  0  0  0  0  0  0  0  0  0  0  0  0  0  0  0  --  0  0  0  0  0  0  0  0  0  0  0  0  0  0  0  0  0  0  0  0  0  0  0 
[mit36.10]39	: 0  0  0  0  0  0  0  0  0  0  0  0  0  0  0  0  0  0  0  0  0  0  0  0  0  0  0  0  0  0  0  0  0  0  0  0  0  0  --  0  0  0  0  0  0  0  0  0  0  0  0  0  0  0  0  0  0  0  0  0  0 
[mit57.10]40	: 0  0  0  0  0  0  0  0  0  0  0  0  0  0  0  0  0  0  0  0  0  0  0  0  0  0  0  0  0  0  0  0  0  0  0  0  0  0  0  --  0  0  0  0  0  0  0  0  0  0  0  0  0  0  0  0  0  0  0  0  0 
[mit58.10]41	: 0  0  0  0  0  0  0  0  0  0  0  0  0  0  0  0  0  0  0  0  0  0  0  0  0  0  0  0  0  0  0  0  0  0  0  0  0  0  0  0  --  1  0  0  0  0  0  0  0  0  0  0  2  2  0  0  0  0  0  0  0 
[son2.11]42	: 0  0  0  0  0  0  0  0  0  0  2  0  0  0  0  0  0  0  0  0  0  0  2  0  0  0  0  0  0  0  0  0  0  0  0  0  0  0  0  0  1  --  0  0  0  0  0  0  0  0  0  0  2  2  0  0  0  0  0  0  0 
[son38.11]43	: 0  0  0  0  0  0  0  0  2  0  0  0  0  0  0  0  0  2  0  0  0  0  0  0  0  0  0  0  0  0  0  0  2  2  2  0  0  0  0  0  0  0  --  0  0  0  0  0  2  2  2  0  0  0  0  2  4  0  2  0  0 
[son52.11]44	: 0  0  0  0  0  0  0  0  0  0  0  0  0  0  0  0  0  0  0  0  0  0  0  0  0  0  0  0  0  0  0  0  0  0  0  0  0  0  0  0  0  0  0  --  0  0  0  0  0  0  0  0  2  2  0  0  0  0  0  0  0 
[son59.11]45	: 0  0  0  0  0  0  0  0  0  0  0  0  0  0  0  0  0  0  0  0  0  0  0  0  0  0  0  0  0  0  0  0  0  0  0  0  0  0  0  0  0  0  0  0  --  0  0  0  0  0  0  0  2  2  0  0  0  0  0  0  0 
[son60.11]46	: 0  0  0  0  0  0  0  0  0  0  0  0  0  0  0  0  0  0  0  0  0  0  0  0  0  0  0  0  0  0  0  0  0  0  0  0  0  0  0  0  0  0  0  0  0  --  0  0  0  0  0  0  2  2  0  0  0  0  0  0  0 
[val53.12]47	: 0  0  0  0  0  0  0  0  0  0  0  0  0  0  0  0  0  0  0  0  0  0  0  0  0  0  0  0  0  0  0  0  0  0  0  0  0  0  0  0  0  0  0  0  0  0  --  0  0  0  0  0  2  2  0  0  0  0  0  0  0 
[obe11.13]48	: 0  0  0  0  0  0  0  0  0  0  2  0  0  0  0  0  0  0  0  0  0  0  0  0  0  0  0  0  0  0  0  0  0  0  0  0  0  0  0  0  0  0  0  0  0  0  0  --  0  0  0  0  2  2  0  0  0  0  0  0  0 
[obe12.13]49	: 0  0  0  0  2  0  0  0  0  0  2  0  0  0  0  0  0  0  0  0  0  0  0  0  0  0  0  0  0  0  0  0  0  0  0  0  0  0  0  0  0  0  2  0  0  0  0  0  --  0  0  0  2  2  0  0  0  0  2  0  0 
[obe16.13]50	: 0  0  0  0  2  0  0  0  0  0  2  0  0  0  0  0  0  0  0  0  0  0  0  0  0  0  0  0  0  0  2  0  0  0  0  0  0  0  0  0  0  0  2  0  0  0  0  0  0  --  0  0  2  2  0  0  0  2  2  0  0 
[obe22.13]51	: 0  0  0  0  0  0  0  0  0  0  0  0  0  0  0  0  0  0  0  0  0  0  0  0  0  0  0  0  0  0  0  0  0  0  0  0  0  0  0  0  0  0  2  0  0  0  0  0  0  0  --  0  0  0  0  0  2  0  0  0  0 
[obe28.13]52	: 0  0  0  0  0  0  0  0  0  0  0  0  0  0  0  0  0  0  0  0  0  0  0  0  0  0  0  0  0  0  0  0  0  0  0  0  0  0  0  0  0  0  0  0  0  0  0  0  0  0  0  --  0  0  0  0  0  0  0  0  0 
[obe30.13]53	: 2  0  0  2  0  0  0  2  2  0  0  2  2  0  0  0  0  2  2  2  0  0  0  2  0  0  0  0  2  0  2  2  2  2  0  2  2  0  0  0  2  2  0  2  2  2  2  2  2  2  0  0  --  0  2  2  2  0  0  0  2 
[obe31.13]54	: 2  0  0  2  0  0  0  2  2  0  0  2  2  0  0  0  0  2  2  2  0  0  0  2  0  0  0  0  2  0  2  2  2  2  0  2  2  0  0  0  2  2  0  2  2  2  2  2  2  2  0  0  0  --  2  2  2  0  0  0  2 
[wie13.14]55	: 0  0  0  0  0  0  0  0  0  0  2  0  0  0  0  0  0  0  0  0  0  0  0  0  0  0  0  0  0  0  0  0  0  0  0  2  0  0  0  0  0  0  0  0  0  0  0  0  0  0  0  0  2  2  --  0  0  0  0  0  0 
[wie15.14]56	: 0  0  0  0  2  0  0  0  0  0  2  0  0  0  0  0  0  0  0  0  0  0  0  0  0  0  0  0  0  0  0  0  0  0  0  0  0  0  0  0  0  0  2  0  0  0  0  0  0  0  0  0  2  2  0  --  0  2  2  0  0 
[wie17.14]57	: 0  0  0  0  2  0  0  0  2  0  2  0  0  0  0  0  0  0  0  2  0  0  0  0  0  0  0  0  0  0  0  0  0  0  2  0  0  0  0  0  0  0  4  0  0  0  0  0  0  0  2  0  2  2  0  0  --  2  2  0  0 
[wie23.14]58	: 0  0  0  0  0  0  0  0  0  0  0  0  0  0  0  0  0  0  0  0  0  0  0  0  0  0  0  0  0  0  0  0  2  0  0  0  0  0  0  0  0  0  0  0  0  0  0  0  0  2  0  0  0  0  0  2  2  --  0  0  0 
[wie27.14]59	: 0  0  0  0  2  0  0  0  0  0  0  0  0  0  0  2  0  2  0  0  0  0  0  2  0  2  0  0  0  0  0  0  2  2  0  0  0  0  0  0  0  0  2  0  0  0  0  0  2  2  0  0  0  0  0  2  2  0  --  0  0 
[wie48.14]60	: 0  0  0  0  0  0  0  0  0  0  0  0  0  0  0  0  0  0  0  0  0  0  0  0  0  0  0  0  0  0  0  0  0  0  0  0  0  0  0  0  0  0  0  0  0  0  0  0  0  0  0  0  0  0  0  0  0  0  0  --  0 
[wie61.14]61	: 0  0  0  0  0  0  0  0  0  0  0  0  0  0  0  0  0  0  0  0  0  0  0  0  0  0  0  0  0  0  0  0  0  0  0  0  0  0  0  0  0  0  0  0  0  0  0  0  0  0  0  0  2  2  0  0  0  0  0  0  -- 

The total positive difference matrix is 255.0

The total negative difference matrix is 0.0



OUTGROUP WEIGHTS
*** Network 1
val53.12 weigth = 5.747126436781609E-4
son60.11 weigth = 0.0011494252873563218
kru47.6 weigth = 5.747126436781609E-4
cli44.5 weigth = 5.747126436781609E-4
arm43.4 weigth = 0.0011494252873563218
gir42.3 weigth = 0.004022988505747126
gir40.3 weigth = 0.009195402298850575
orb46.1 weigth = 5.747126436781609E-4
orb45.1 weigth = 0.0017241379310344827
arm35.4 weigth = 0.028735632183908046
cli41.5 weigth = 0.0034482758620689655
orb37.1 weigth = 0.01264367816091954
mit36.10 weigth = 0.01839080459770115
son38.11 weigth = 5.747126436781609E-4
gir55.3 weigth = 5.747126436781609E-4
orb34.1 weigth = 0.05632183908045977
orb50.1 weigth = 0.04252873563218391
gir56.3 weigth = 5.747126436781609E-4
bou54.7 weigth = 0.010344827586206896
mit57.10 weigth = 0.009195402298850575
son59.11 weigth = 0.01264367816091954
wie61.14 weigth = 0.009195402298850575
cli49.5 weigth = 0.03908045977011494
lin51.9 weigth = 0.0011494252873563218
son52.11 weigth = 0.03103448275862069
kru39.6 weigth = 0.011494252873563218
wie48.14 weigth = 5.747126436781609E-4
mit58.10 weigth = 0.009195402298850575
wie17.14 weigth = 5.747126436781609E-4
obe16.13 weigth = 5.747126436781609E-4
son2.11 weigth = 0.0011494252873563218
bou14.7 weigth = 0.008045977011494253
odi19.2 weigth = 0.00632183908045977
orb20.1 weigth = 5.747126436781609E-4
gir18.3 weigth = 0.02413793103448276
gir8.3 weigth = 5.747126436781609E-4
orb1.1 weigth = 0.10919540229885058
odi6.2 weigth = 0.0839080459770115
gir7.3 weigth = 0.08160919540229886
gir24.3 weigth = 0.0896551724137931
arm3.4 weigth = 0.0028735632183908046
cli5.5 weigth = 0.0017241379310344827
kru9.6 weigth = 0.0011494252873563218
bou4.7 weigth = 0.0034482758620689655
obe12.13 weigth = 0.0839080459770115
wie13.14 weigth = 0.0839080459770115
obe22.13 weigth = 0.010344827586206896
mit10.10 weigth = 5.747126436781609E-4
obe11.13 weigth = 5.747126436781609E-4
mit21.10 weigth = 0.005747126436781609
wie23.14 weigth = 5.747126436781609E-4
wie15.14 weigth = 5.747126436781609E-4
wie27.14 weigth = 5.747126436781609E-4
obe28.13 weigth = 5.747126436781609E-4
odi29.2 weigth = 0.0034482758620689655
orb26.1 weigth = 0.026436781609195402
arm32.4 weigth = 5.747126436781609E-4
cli25.5 weigth = 0.02413793103448276
how33.8 weigth = 0.02413793103448276
obe30.13 weigth = 5.747126436781609E-4
obe31.13 weigth = 5.747126436781609E-4
Total weight = 870.0
Biggest outgroup probability is orb1.1 (0.10919540229885058)


GRAPH
Here is the graph
val53.12[46]: In7[68]: In8[69]: son60.11[45]: kru47.6[30]: In5[66]: cli44.5[26]: In4[65]: arm43.4[22]: In3[64]: gir42.3[16]: gir40.3[15]: orb46.1[6]: In1[62]: orb45.1[5]: In0[61]: arm35.4[21]: cli41.5[25]: orb37.1[4]: mit36.10[38]: son38.11[42]: gir55.3[17]: orb34.1[3]: orb50.1[7]: gir56.3[18]: bou54.7[33]: mit57.10[39]: son59.11[44]: wie61.14[60]: cli49.5[27]: lin51.9[35]: son52.11[43]: kru39.6[29]: wie48.14[59]: mit58.10[40]: In15[76]: In16[77]: In17[78]: In18[79]: wie17.14[56]: In12[73]: obe16.13[49]: In9[70]: In10[71]: son2.11[41]: In6[67]: bou14.7[32]: odi19.2[9]: orb20.1[1]: gir18.3[13]: gir8.3[12]: orb1.1[0]: odi6.2[8]: gir7.3[11]: gir24.3[14]: arm3.4[19]: cli5.5[23]: kru9.6[28]: bou4.7[31]: obe12.13[48]: wie13.14[54]: obe22.13[50]: mit10.10[36]: obe11.13[47]: mit21.10[37]: wie23.14[57]: wie15.14[55]: In19[80]: In20[81]: In21[82]: In22[83]: In23[84]: In24[85]: In25[86]: wie27.14[58]: In13[74]: In14[75]: obe28.13[51]: In11[72]: odi29.2[10]: In2[63]: orb26.1[2]: arm32.4[20]: cli25.5[24]: how33.8[34]: obe30.13[52]: obe31.13[53]: Ambiguous = true



Calculations are finished



_________________________________________________________
TCS v1.18
Tue Jun 27 14:56:37 BST 2006
Datafile = c:\Documents and Settings\sar03mp.RDG-HOME\My Documents\Work\Software\NCPA_auto\MardulynDataSet\ModGraph\WithUnsamp\StraightRun\MardulynGonioctena.nex

It took 0.031 minutes.
